[ 2016-05-27T17:10:19+08:00 ] ::1 /edit/Public/js/Common/tendina.min.js?v=20150103
ERR: 无法加载模块:Public

[ 2016-05-27T17:10:20+08:00 ] ::1 /edit/tpl/admin/utilLib/fonts/font_awesome/fontawesome-webfontf77b.woff?v=3.2.1
ERR: 无法加载模块:Tpl

[ 2016-05-27T17:10:20+08:00 ] ::1 /edit/tpl/admin/utilLib/fonts/font_awesome/fontawesome-webfontf77b.ttf?v=3.2.1
ERR: 无法加载模块:Tpl

[ 2016-05-27T17:12:22+08:00 ] ::1 /edit/Public/js/Common/tendina.min.js?v=20150103
ERR: 无法加载模块:Public

[ 2016-05-27T17:12:24+08:00 ] ::1 /edit/tpl/admin/utilLib/fonts/font_awesome/fontawesome-webfontd41d.eot?
ERR: 无法加载模块:Tpl

[ 2016-05-27T17:12:24+08:00 ] ::1 /edit/tpl/admin/utilLib/fonts/font_awesome/fontawesome-webfontf77b.woff?v=3.2.1
ERR: 无法加载模块:Tpl

[ 2016-05-27T17:12:25+08:00 ] ::1 /edit/tpl/admin/utilLib/fonts/font_awesome/fontawesome-webfontf77b.ttf?v=3.2.1
ERR: 无法加载模块:Tpl

[ 2016-05-27T17:13:18+08:00 ] ::1 /edit/Public/js/Common/tendina.min.js?v=20150103
ERR: 无法加载模块:Public

[ 2016-05-27T17:13:18+08:00 ] ::1 /edit/Public/js/Common/tendina.min.js?v=20150103
ERR: 无法加载模块:Public

[ 2016-05-27T17:13:18+08:00 ] ::1 /edit/Public/js/Common/tendina.min.js?v=20150103
ERR: 无法加载模块:Public

[ 2016-05-27T17:13:18+08:00 ] ::1 /edit/Public/js/Common/tendina.min.js?v=20150103
ERR: 无法加载模块:Public

[ 2016-05-27T17:13:18+08:00 ] ::1 /edit/Public/js/Common/tendina.min.js?v=20150103
ERR: 无法加载模块:Public

[ 2016-05-27T17:13:19+08:00 ] ::1 /edit/Public/js/Common/tendina.min.js?v=20150103
ERR: 无法加载模块:Public

[ 2016-05-27T17:13:19+08:00 ] ::1 /edit/Public/js/Common/tendina.min.js?v=20150103
ERR: 无法加载模块:Public

[ 2016-05-27T17:13:19+08:00 ] ::1 /edit/Public/js/Common/tendina.min.js?v=20150103
ERR: 无法加载模块:Public

[ 2016-05-27T17:13:19+08:00 ] ::1 /edit/Public/js/Common/tendina.min.js?v=20150103
ERR: 无法加载模块:Public

[ 2016-05-27T17:13:19+08:00 ] ::1 /edit/Public/js/Common/tendina.min.js?v=20150103
ERR: 无法加载模块:Public

[ 2016-05-27T17:13:19+08:00 ] ::1 /edit/Public/js/Common/tendina.min.js?v=20150103
ERR: 无法加载模块:Public

[ 2016-05-27T17:13:19+08:00 ] ::1 /edit/Public/js/Common/tendina.min.js?v=20150103
ERR: 无法加载模块:Public

[ 2016-05-27T17:13:19+08:00 ] ::1 /edit/Public/js/Common/tendina.min.js?v=20150103
ERR: 无法加载模块:Public

[ 2016-05-27T17:13:20+08:00 ] ::1 /edit/Public/js/Common/tendina.min.js?v=20150103
ERR: 无法加载模块:Public

[ 2016-05-27T17:13:20+08:00 ] ::1 /edit/Public/js/Common/tendina.min.js?v=20150103
ERR: 无法加载模块:Public

[ 2016-05-27T17:13:20+08:00 ] ::1 /edit/Public/js/Common/tendina.min.js?v=20150103
ERR: 无法加载模块:Public

[ 2016-05-27T17:13:20+08:00 ] ::1 /edit/Public/js/Common/tendina.min.js?v=20150103
ERR: 无法加载模块:Public

[ 2016-05-27T17:13:20+08:00 ] ::1 /edit/Public/js/Common/tendina.min.js?v=20150103
ERR: 无法加载模块:Public

[ 2016-05-27T17:13:20+08:00 ] ::1 /edit/Public/js/Common/tendina.min.js?v=20150103
ERR: 无法加载模块:Public

[ 2016-05-27T17:13:21+08:00 ] ::1 /edit/Public/js/Common/tendina.min.js?v=20150103
ERR: 无法加载模块:Public

[ 2016-05-27T17:13:21+08:00 ] ::1 /edit/Public/js/Common/tendina.min.js?v=20150103
ERR: 无法加载模块:Public

[ 2016-05-27T17:13:21+08:00 ] ::1 /edit/Public/js/Common/tendina.min.js?v=20150103
ERR: 无法加载模块:Public

[ 2016-05-27T17:13:21+08:00 ] ::1 /edit/Public/js/Common/tendina.min.js?v=20150103
ERR: 无法加载模块:Public

[ 2016-05-27T17:13:21+08:00 ] ::1 /edit/Public/js/Common/tendina.min.js?v=20150103
ERR: 无法加载模块:Public

[ 2016-05-27T17:13:22+08:00 ] ::1 /edit/Public/js/Common/tendina.min.js?v=20150103
ERR: 无法加载模块:Public

[ 2016-05-27T17:13:22+08:00 ] ::1 /edit/Public/js/Common/tendina.min.js?v=20150103
ERR: 无法加载模块:Public

[ 2016-05-27T17:13:22+08:00 ] ::1 /edit/Public/js/Common/tendina.min.js?v=20150103
ERR: 无法加载模块:Public

[ 2016-05-27T17:13:22+08:00 ] ::1 /edit/Public/js/Common/tendina.min.js?v=20150103
ERR: 无法加载模块:Public

[ 2016-05-27T17:13:22+08:00 ] ::1 /edit/Public/js/Common/tendina.min.js?v=20150103
ERR: 无法加载模块:Public

[ 2016-05-27T17:13:23+08:00 ] ::1 /edit/Public/js/Common/tendina.min.js?v=20150103
ERR: 无法加载模块:Public

[ 2016-05-27T17:13:23+08:00 ] ::1 /edit/Public/js/Common/tendina.min.js?v=20150103
ERR: 无法加载模块:Public

[ 2016-05-27T17:13:23+08:00 ] ::1 /edit/Public/js/Common/tendina.min.js?v=20150103
ERR: 无法加载模块:Public

[ 2016-05-27T17:13:23+08:00 ] ::1 /edit/Public/js/Common/tendina.min.js?v=20150103
ERR: 无法加载模块:Public

[ 2016-05-27T17:13:24+08:00 ] ::1 /edit/Public/js/Common/tendina.min.js?v=20150103
ERR: 无法加载模块:Public

[ 2016-05-27T17:13:24+08:00 ] ::1 /edit/Public/js/Common/tendina.min.js?v=20150103
ERR: 无法加载模块:Public

[ 2016-05-27T17:13:24+08:00 ] ::1 /edit/Public/js/Common/tendina.min.js?v=20150103
ERR: 无法加载模块:Public

[ 2016-05-27T17:13:24+08:00 ] ::1 /edit/Public/js/Common/tendina.min.js?v=20150103
ERR: 无法加载模块:Public

[ 2016-05-27T17:13:25+08:00 ] ::1 /edit/Public/js/Common/tendina.min.js?v=20150103
ERR: 无法加载模块:Public

[ 2016-05-27T17:13:25+08:00 ] ::1 /edit/Public/js/Common/tendina.min.js?v=20150103
ERR: 无法加载模块:Public

[ 2016-05-27T17:13:25+08:00 ] ::1 /edit/Public/js/Common/tendina.min.js?v=20150103
ERR: 无法加载模块:Public

[ 2016-05-27T17:13:25+08:00 ] ::1 /edit/Public/js/Common/tendina.min.js?v=20150103
ERR: 无法加载模块:Public

[ 2016-05-27T17:13:25+08:00 ] ::1 /edit/Public/js/Common/tendina.min.js?v=20150103
ERR: 无法加载模块:Public

[ 2016-05-27T17:13:26+08:00 ] ::1 /edit/Public/js/Common/tendina.min.js?v=20150103
ERR: 无法加载模块:Public

[ 2016-05-27T17:13:26+08:00 ] ::1 /edit/Public/js/Common/tendina.min.js?v=20150103
ERR: 无法加载模块:Public

[ 2016-05-27T17:13:26+08:00 ] ::1 /edit/Public/js/Common/tendina.min.js?v=20150103
ERR: 无法加载模块:Public

[ 2016-05-27T17:13:26+08:00 ] ::1 /edit/Public/js/Common/tendina.min.js?v=20150103
ERR: 无法加载模块:Public

[ 2016-05-27T17:13:27+08:00 ] ::1 /edit/Public/js/Common/tendina.min.js?v=20150103
ERR: 无法加载模块:Public

[ 2016-05-27T17:13:27+08:00 ] ::1 /edit/Public/js/Common/tendina.min.js?v=20150103
ERR: 无法加载模块:Public

[ 2016-05-27T17:13:27+08:00 ] ::1 /edit/Public/js/Common/tendina.min.js?v=20150103
ERR: 无法加载模块:Public

[ 2016-05-27T17:13:27+08:00 ] ::1 /edit/Public/js/Common/tendina.min.js?v=20150103
ERR: 无法加载模块:Public

[ 2016-05-27T17:13:28+08:00 ] ::1 /edit/Public/js/Common/tendina.min.js?v=20150103
ERR: 无法加载模块:Public

[ 2016-05-27T17:13:28+08:00 ] ::1 /edit/Public/js/Common/tendina.min.js?v=20150103
ERR: 无法加载模块:Public

[ 2016-05-27T17:13:28+08:00 ] ::1 /edit/Public/js/Common/tendina.min.js?v=20150103
ERR: 无法加载模块:Public

[ 2016-05-27T17:13:28+08:00 ] ::1 /edit/Public/js/Common/tendina.min.js?v=20150103
ERR: 无法加载模块:Public

[ 2016-05-27T17:13:29+08:00 ] ::1 /edit/Public/js/Common/tendina.min.js?v=20150103
ERR: 无法加载模块:Public

[ 2016-05-27T17:13:29+08:00 ] ::1 /edit/Public/js/Common/tendina.min.js?v=20150103
ERR: 无法加载模块:Public

[ 2016-05-27T17:13:29+08:00 ] ::1 /edit/Public/js/Common/tendina.min.js?v=20150103
ERR: 无法加载模块:Public

[ 2016-05-27T17:13:30+08:00 ] ::1 /edit/Public/js/Common/tendina.min.js?v=20150103
ERR: 无法加载模块:Public

[ 2016-05-27T17:13:30+08:00 ] ::1 /edit/Public/js/Common/tendina.min.js?v=20150103
ERR: 无法加载模块:Public

[ 2016-05-27T17:13:30+08:00 ] ::1 /edit/Public/js/Common/tendina.min.js?v=20150103
ERR: 无法加载模块:Public

[ 2016-05-27T17:13:31+08:00 ] ::1 /edit/Public/js/Common/tendina.min.js?v=20150103
ERR: 无法加载模块:Public

[ 2016-05-27T17:13:31+08:00 ] ::1 /edit/Public/js/Common/tendina.min.js?v=20150103
ERR: 无法加载模块:Public

[ 2016-05-27T17:13:31+08:00 ] ::1 /edit/Public/js/Common/tendina.min.js?v=20150103
ERR: 无法加载模块:Public

[ 2016-05-27T17:13:31+08:00 ] ::1 /edit/Public/js/Common/tendina.min.js?v=20150103
ERR: 无法加载模块:Public

[ 2016-05-27T17:13:32+08:00 ] ::1 /edit/Public/js/Common/tendina.min.js?v=20150103
ERR: 无法加载模块:Public

[ 2016-05-27T17:13:32+08:00 ] ::1 /edit/Public/js/Common/tendina.min.js?v=20150103
ERR: 无法加载模块:Public

[ 2016-05-27T17:13:32+08:00 ] ::1 /edit/Public/js/Common/tendina.min.js?v=20150103
ERR: 无法加载模块:Public

[ 2016-05-27T17:13:33+08:00 ] ::1 /edit/Public/js/Common/tendina.min.js?v=20150103
ERR: 无法加载模块:Public

[ 2016-05-27T17:13:33+08:00 ] ::1 /edit/Public/js/Common/tendina.min.js?v=20150103
ERR: 无法加载模块:Public

[ 2016-05-27T17:13:33+08:00 ] ::1 /edit/Public/js/Common/tendina.min.js?v=20150103
ERR: 无法加载模块:Public

[ 2016-05-27T17:13:34+08:00 ] ::1 /edit/Public/js/Common/tendina.min.js?v=20150103
ERR: 无法加载模块:Public

[ 2016-05-27T17:13:34+08:00 ] ::1 /edit/Public/js/Common/tendina.min.js?v=20150103
ERR: 无法加载模块:Public

[ 2016-05-27T17:13:34+08:00 ] ::1 /edit/Public/js/Common/tendina.min.js?v=20150103
ERR: 无法加载模块:Public

[ 2016-05-27T17:13:34+08:00 ] ::1 /edit/Public/js/Common/tendina.min.js?v=20150103
ERR: 无法加载模块:Public

[ 2016-05-27T17:13:35+08:00 ] ::1 /edit/Public/js/Common/tendina.min.js?v=20150103
ERR: 无法加载模块:Public

[ 2016-05-27T17:13:35+08:00 ] ::1 /edit/Public/js/Common/tendina.min.js?v=20150103
ERR: 无法加载模块:Public

[ 2016-05-27T17:13:35+08:00 ] ::1 /edit/Public/js/Common/tendina.min.js?v=20150103
ERR: 无法加载模块:Public

[ 2016-05-27T17:13:35+08:00 ] ::1 /edit/Public/js/Common/tendina.min.js?v=20150103
ERR: 无法加载模块:Public

[ 2016-05-27T17:13:35+08:00 ] ::1 /edit/Public/js/Common/tendina.min.js?v=20150103
ERR: 无法加载模块:Public

[ 2016-05-27T17:13:36+08:00 ] ::1 /edit/Public/js/Common/tendina.min.js?v=20150103
ERR: 无法加载模块:Public

[ 2016-05-27T17:13:36+08:00 ] ::1 /edit/Public/js/Common/tendina.min.js?v=20150103
ERR: 无法加载模块:Public

[ 2016-05-27T17:13:36+08:00 ] ::1 /edit/Public/js/Common/tendina.min.js?v=20150103
ERR: 无法加载模块:Public

[ 2016-05-27T17:13:36+08:00 ] ::1 /edit/Public/js/Common/tendina.min.js?v=20150103
ERR: 无法加载模块:Public

[ 2016-05-27T17:13:37+08:00 ] ::1 /edit/Public/js/Common/tendina.min.js?v=20150103
ERR: 无法加载模块:Public

[ 2016-05-27T17:13:38+08:00 ] ::1 /edit/Public/js/Common/tendina.min.js?v=20150103
ERR: 无法加载模块:Public

[ 2016-05-27T17:13:38+08:00 ] ::1 /edit/Public/js/Common/tendina.min.js?v=20150103
ERR: 无法加载模块:Public

[ 2016-05-27T17:13:38+08:00 ] ::1 /edit/Public/js/Common/tendina.min.js?v=20150103
ERR: 无法加载模块:Public

[ 2016-05-27T17:13:38+08:00 ] ::1 /edit/Public/js/Common/tendina.min.js?v=20150103
ERR: 无法加载模块:Public

[ 2016-05-27T17:13:38+08:00 ] ::1 /edit/Public/js/Common/tendina.min.js?v=20150103
ERR: 无法加载模块:Public

[ 2016-05-27T17:13:38+08:00 ] ::1 /edit/Public/js/Common/tendina.min.js?v=20150103
ERR: 无法加载模块:Public

[ 2016-05-27T17:13:38+08:00 ] ::1 /edit/Public/js/Common/tendina.min.js?v=20150103
ERR: 无法加载模块:Public

[ 2016-05-27T17:13:39+08:00 ] ::1 /edit/Public/js/Common/tendina.min.js?v=20150103
ERR: 无法加载模块:Public

[ 2016-05-27T17:13:39+08:00 ] ::1 /edit/Public/js/Common/tendina.min.js?v=20150103
ERR: 无法加载模块:Public

[ 2016-05-27T17:13:39+08:00 ] ::1 /edit/Public/js/Common/tendina.min.js?v=20150103
ERR: 无法加载模块:Public

[ 2016-05-27T17:13:39+08:00 ] ::1 /edit/Public/js/Common/tendina.min.js?v=20150103
ERR: 无法加载模块:Public

[ 2016-05-27T17:13:39+08:00 ] ::1 /edit/Public/js/Common/tendina.min.js?v=20150103
ERR: 无法加载模块:Public

[ 2016-05-27T17:13:40+08:00 ] ::1 /edit/Public/js/Common/tendina.min.js?v=20150103
ERR: 无法加载模块:Public

[ 2016-05-27T17:13:40+08:00 ] ::1 /edit/Public/js/Common/tendina.min.js?v=20150103
ERR: 无法加载模块:Public

[ 2016-05-27T17:13:41+08:00 ] ::1 /edit/Public/js/Common/tendina.min.js?v=20150103
ERR: 无法加载模块:Public

[ 2016-05-27T17:13:41+08:00 ] ::1 /edit/Public/js/Common/tendina.min.js?v=20150103
ERR: 无法加载模块:Public

[ 2016-05-27T17:13:42+08:00 ] ::1 /edit/Public/js/Common/tendina.min.js?v=20150103
ERR: 无法加载模块:Public

[ 2016-05-27T17:13:42+08:00 ] ::1 /edit/Public/js/Common/tendina.min.js?v=20150103
ERR: 无法加载模块:Public

[ 2016-05-27T17:13:42+08:00 ] ::1 /edit/Public/js/Common/tendina.min.js?v=20150103
ERR: 无法加载模块:Public

[ 2016-05-27T17:13:42+08:00 ] ::1 /edit/Public/js/Common/tendina.min.js?v=20150103
ERR: 无法加载模块:Public

[ 2016-05-27T17:13:43+08:00 ] ::1 /edit/Public/js/Common/tendina.min.js?v=20150103
ERR: 无法加载模块:Public

[ 2016-05-27T17:13:43+08:00 ] ::1 /edit/Public/js/Common/tendina.min.js?v=20150103
ERR: 无法加载模块:Public

[ 2016-05-27T17:13:44+08:00 ] ::1 /edit/Public/js/Common/tendina.min.js?v=20150103
ERR: 无法加载模块:Public

[ 2016-05-27T17:13:44+08:00 ] ::1 /edit/Public/js/Common/tendina.min.js?v=20150103
ERR: 无法加载模块:Public

[ 2016-05-27T17:13:45+08:00 ] ::1 /edit/Public/js/Common/tendina.min.js?v=20150103
ERR: 无法加载模块:Public

[ 2016-05-27T17:13:45+08:00 ] ::1 /edit/Public/js/Common/tendina.min.js?v=20150103
ERR: 无法加载模块:Public

[ 2016-05-27T17:13:45+08:00 ] ::1 /edit/Public/js/Common/tendina.min.js?v=20150103
ERR: 无法加载模块:Public

[ 2016-05-27T17:13:45+08:00 ] ::1 /edit/Public/js/Common/tendina.min.js?v=20150103
ERR: 无法加载模块:Public

[ 2016-05-27T17:13:46+08:00 ] ::1 /edit/Public/js/Common/tendina.min.js?v=20150103
ERR: 无法加载模块:Public

[ 2016-05-27T17:13:47+08:00 ] ::1 /edit/Public/js/Common/tendina.min.js?v=20150103
ERR: 无法加载模块:Public

[ 2016-05-27T17:13:47+08:00 ] ::1 /edit/Public/js/Common/tendina.min.js?v=20150103
ERR: 无法加载模块:Public

[ 2016-05-27T17:13:47+08:00 ] ::1 /edit/Public/js/Common/tendina.min.js?v=20150103
ERR: 无法加载模块:Public

[ 2016-05-27T17:13:47+08:00 ] ::1 /edit/Public/js/Common/tendina.min.js?v=20150103
ERR: 无法加载模块:Public

[ 2016-05-27T17:13:47+08:00 ] ::1 /edit/Public/js/Common/tendina.min.js?v=20150103
ERR: 无法加载模块:Public

[ 2016-05-27T17:13:47+08:00 ] ::1 /edit/Public/js/Common/tendina.min.js?v=20150103
ERR: 无法加载模块:Public

[ 2016-05-27T17:13:47+08:00 ] ::1 /edit/Public/js/Common/tendina.min.js?v=20150103
ERR: 无法加载模块:Public

[ 2016-05-27T17:13:48+08:00 ] ::1 /edit/Public/js/Common/tendina.min.js?v=20150103
ERR: 无法加载模块:Public

[ 2016-05-27T17:13:48+08:00 ] ::1 /edit/Public/js/Common/tendina.min.js?v=20150103
ERR: 无法加载模块:Public

[ 2016-05-27T17:13:49+08:00 ] ::1 /edit/Public/js/Common/tendina.min.js?v=20150103
ERR: 无法加载模块:Public

[ 2016-05-27T17:13:49+08:00 ] ::1 /edit/Public/js/Common/tendina.min.js?v=20150103
ERR: 无法加载模块:Public

[ 2016-05-27T17:13:49+08:00 ] ::1 /edit/Public/js/Common/tendina.min.js?v=20150103
ERR: 无法加载模块:Public

[ 2016-05-27T17:13:50+08:00 ] ::1 /edit/Public/js/Common/tendina.min.js?v=20150103
ERR: 无法加载模块:Public

[ 2016-05-27T17:13:50+08:00 ] ::1 /edit/Public/js/Common/tendina.min.js?v=20150103
ERR: 无法加载模块:Public

[ 2016-05-27T17:13:51+08:00 ] ::1 /edit/Public/js/Common/tendina.min.js?v=20150103
ERR: 无法加载模块:Public

[ 2016-05-27T17:13:52+08:00 ] ::1 /edit/Public/js/Common/tendina.min.js?v=20150103
ERR: 无法加载模块:Public

[ 2016-05-27T17:13:54+08:00 ] ::1 /edit/Public/js/Common/tendina.min.js?v=20150103
ERR: 无法加载模块:Public

[ 2016-05-27T17:13:54+08:00 ] ::1 /edit/Public/js/Common/tendina.min.js?v=20150103
ERR: 无法加载模块:Public

[ 2016-05-27T17:13:54+08:00 ] ::1 /edit/Public/js/Common/tendina.min.js?v=20150103
ERR: 无法加载模块:Public

[ 2016-05-27T17:13:54+08:00 ] ::1 /edit/Public/js/Common/tendina.min.js?v=20150103
ERR: 无法加载模块:Public

[ 2016-05-27T17:13:54+08:00 ] ::1 /edit/Public/js/Common/tendina.min.js?v=20150103
ERR: 无法加载模块:Public

[ 2016-05-27T17:13:55+08:00 ] ::1 /edit/Public/js/Common/tendina.min.js?v=20150103
ERR: 无法加载模块:Public

[ 2016-05-27T17:13:55+08:00 ] ::1 /edit/Public/js/Common/tendina.min.js?v=20150103
ERR: 无法加载模块:Public

[ 2016-05-27T17:13:55+08:00 ] ::1 /edit/Public/js/Common/tendina.min.js?v=20150103
ERR: 无法加载模块:Public

[ 2016-05-27T17:13:55+08:00 ] ::1 /edit/Public/js/Common/tendina.min.js?v=20150103
ERR: 无法加载模块:Public

[ 2016-05-27T17:13:56+08:00 ] ::1 /edit/Public/js/Common/tendina.min.js?v=20150103
ERR: 无法加载模块:Public

[ 2016-05-27T17:13:56+08:00 ] ::1 /edit/Public/js/Common/tendina.min.js?v=20150103
ERR: 无法加载模块:Public

[ 2016-05-27T17:13:56+08:00 ] ::1 /edit/Public/js/Common/tendina.min.js?v=20150103
ERR: 无法加载模块:Public

[ 2016-05-27T17:13:56+08:00 ] ::1 /edit/Public/js/Common/tendina.min.js?v=20150103
ERR: 无法加载模块:Public

[ 2016-05-27T17:13:56+08:00 ] ::1 /edit/Public/js/Common/tendina.min.js?v=20150103
ERR: 无法加载模块:Public

[ 2016-05-27T17:13:56+08:00 ] ::1 /edit/Public/js/Common/tendina.min.js?v=20150103
ERR: 无法加载模块:Public

[ 2016-05-27T17:13:56+08:00 ] ::1 /edit/Public/js/Common/tendina.min.js?v=20150103
ERR: 无法加载模块:Public

[ 2016-05-27T17:13:56+08:00 ] ::1 /edit/Public/js/Common/tendina.min.js?v=20150103
ERR: 无法加载模块:Public

[ 2016-05-27T17:13:56+08:00 ] ::1 /edit/Public/js/Common/tendina.min.js?v=20150103
ERR: 无法加载模块:Public

[ 2016-05-27T17:13:57+08:00 ] ::1 /edit/Public/js/Common/tendina.min.js?v=20150103
ERR: 无法加载模块:Public

[ 2016-05-27T17:13:57+08:00 ] ::1 /edit/Public/js/Common/tendina.min.js?v=20150103
ERR: 无法加载模块:Public

[ 2016-05-27T17:13:57+08:00 ] ::1 /edit/Public/js/Common/tendina.min.js?v=20150103
ERR: 无法加载模块:Public

[ 2016-05-27T17:13:57+08:00 ] ::1 /edit/Public/js/Common/tendina.min.js?v=20150103
ERR: 无法加载模块:Public

[ 2016-05-27T17:13:57+08:00 ] ::1 /edit/Public/js/Common/tendina.min.js?v=20150103
ERR: 无法加载模块:Public

[ 2016-05-27T17:13:57+08:00 ] ::1 /edit/Public/js/Common/tendina.min.js?v=20150103
ERR: 无法加载模块:Public

[ 2016-05-27T17:13:57+08:00 ] ::1 /edit/Public/js/Common/tendina.min.js?v=20150103
ERR: 无法加载模块:Public

[ 2016-05-27T17:13:57+08:00 ] ::1 /edit/Public/js/Common/tendina.min.js?v=20150103
ERR: 无法加载模块:Public

[ 2016-05-27T17:13:57+08:00 ] ::1 /edit/Public/js/Common/tendina.min.js?v=20150103
ERR: 无法加载模块:Public

[ 2016-05-27T17:13:58+08:00 ] ::1 /edit/Public/js/Common/tendina.min.js?v=20150103
ERR: 无法加载模块:Public

[ 2016-05-27T17:13:58+08:00 ] ::1 /edit/Public/js/Common/tendina.min.js?v=20150103
ERR: 无法加载模块:Public

[ 2016-05-27T17:13:58+08:00 ] ::1 /edit/Public/js/Common/tendina.min.js?v=20150103
ERR: 无法加载模块:Public

[ 2016-05-27T17:13:58+08:00 ] ::1 /edit/Public/js/Common/tendina.min.js?v=20150103
ERR: 无法加载模块:Public

[ 2016-05-27T17:13:58+08:00 ] ::1 /edit/Public/js/Common/tendina.min.js?v=20150103
ERR: 无法加载模块:Public

[ 2016-05-27T17:13:58+08:00 ] ::1 /edit/Public/js/Common/tendina.min.js?v=20150103
ERR: 无法加载模块:Public

[ 2016-05-27T17:13:59+08:00 ] ::1 /edit/Public/js/Common/tendina.min.js?v=20150103
ERR: 无法加载模块:Public

[ 2016-05-27T17:13:59+08:00 ] ::1 /edit/Public/js/Common/tendina.min.js?v=20150103
ERR: 无法加载模块:Public

[ 2016-05-27T17:14:01+08:00 ] ::1 /edit/Public/js/Common/tendina.min.js?v=20150103
ERR: 无法加载模块:Public

[ 2016-05-27T17:14:01+08:00 ] ::1 /edit/Public/js/Common/tendina.min.js?v=20150103
ERR: 无法加载模块:Public

[ 2016-05-27T17:14:01+08:00 ] ::1 /edit/Public/js/Common/tendina.min.js?v=20150103
ERR: 无法加载模块:Public

[ 2016-05-27T17:14:01+08:00 ] ::1 /edit/Public/js/Common/tendina.min.js?v=20150103
ERR: 无法加载模块:Public

[ 2016-05-27T17:14:02+08:00 ] ::1 /edit/Public/js/Common/tendina.min.js?v=20150103
ERR: 无法加载模块:Public

[ 2016-05-27T17:14:02+08:00 ] ::1 /edit/Public/js/Common/tendina.min.js?v=20150103
ERR: 无法加载模块:Public

[ 2016-05-27T17:14:02+08:00 ] ::1 /edit/Public/js/Common/tendina.min.js?v=20150103
ERR: 无法加载模块:Public

[ 2016-05-27T17:14:02+08:00 ] ::1 /edit/Public/js/Common/tendina.min.js?v=20150103
ERR: 无法加载模块:Public

[ 2016-05-27T17:14:02+08:00 ] ::1 /edit/Public/js/Common/tendina.min.js?v=20150103
ERR: 无法加载模块:Public

[ 2016-05-27T17:14:02+08:00 ] ::1 /edit/Public/js/Common/tendina.min.js?v=20150103
ERR: 无法加载模块:Public

[ 2016-05-27T17:14:02+08:00 ] ::1 /edit/Public/js/Common/tendina.min.js?v=20150103
ERR: 无法加载模块:Public

[ 2016-05-27T17:14:02+08:00 ] ::1 /edit/Public/js/Common/tendina.min.js?v=20150103
ERR: 无法加载模块:Public

[ 2016-05-27T17:14:03+08:00 ] ::1 /edit/Public/js/Common/tendina.min.js?v=20150103
ERR: 无法加载模块:Public

[ 2016-05-27T17:14:03+08:00 ] ::1 /edit/Public/js/Common/tendina.min.js?v=20150103
ERR: 无法加载模块:Public

[ 2016-05-27T17:14:06+08:00 ] ::1 /edit/Public/js/Common/tendina.min.js?v=20150103
ERR: 无法加载模块:Public

[ 2016-05-27T17:14:10+08:00 ] ::1 /edit/Public/js/Common/tendina.min.js?v=20150103
ERR: 无法加载模块:Public

[ 2016-05-27T17:14:19+08:00 ] ::1 /edit/Public/js/Common/tendina.min.js?v=20150103
ERR: 无法加载模块:Public

[ 2016-05-27T17:14:19+08:00 ] ::1 /edit/Public/js/Common/tendina.min.js?v=20150103
ERR: 无法加载模块:Public

[ 2016-05-27T17:14:20+08:00 ] ::1 /edit/Public/js/Common/tendina.min.js?v=20150103
ERR: 无法加载模块:Public

[ 2016-05-27T17:14:20+08:00 ] ::1 /edit/Public/js/Common/tendina.min.js?v=20150103
ERR: 无法加载模块:Public

[ 2016-05-27T17:14:20+08:00 ] ::1 /edit/Public/js/Common/tendina.min.js?v=20150103
ERR: 无法加载模块:Public

[ 2016-05-27T17:14:20+08:00 ] ::1 /edit/Public/js/Common/tendina.min.js?v=20150103
ERR: 无法加载模块:Public

[ 2016-05-27T17:14:21+08:00 ] ::1 /edit/Public/js/Common/tendina.min.js?v=20150103
ERR: 无法加载模块:Public

[ 2016-05-27T17:14:21+08:00 ] ::1 /edit/Public/js/Common/tendina.min.js?v=20150103
ERR: 无法加载模块:Public

[ 2016-05-27T17:14:21+08:00 ] ::1 /edit/Public/js/Common/tendina.min.js?v=20150103
ERR: 无法加载模块:Public

[ 2016-05-27T17:14:21+08:00 ] ::1 /edit/Public/js/Common/tendina.min.js?v=20150103
ERR: 无法加载模块:Public

[ 2016-05-27T17:14:21+08:00 ] ::1 /edit/Public/js/Common/tendina.min.js?v=20150103
ERR: 无法加载模块:Public

[ 2016-05-27T17:14:21+08:00 ] ::1 /edit/Public/js/Common/tendina.min.js?v=20150103
ERR: 无法加载模块:Public

[ 2016-05-27T17:14:21+08:00 ] ::1 /edit/Public/js/Common/tendina.min.js?v=20150103
ERR: 无法加载模块:Public

[ 2016-05-27T17:14:21+08:00 ] ::1 /edit/Public/js/Common/tendina.min.js?v=20150103
ERR: 无法加载模块:Public

[ 2016-05-27T17:14:22+08:00 ] ::1 /edit/Public/js/Common/tendina.min.js?v=20150103
ERR: 无法加载模块:Public

[ 2016-05-27T17:14:22+08:00 ] ::1 /edit/Public/js/Common/tendina.min.js?v=20150103
ERR: 无法加载模块:Public

[ 2016-05-27T17:14:22+08:00 ] ::1 /edit/Public/js/Common/tendina.min.js?v=20150103
ERR: 无法加载模块:Public

[ 2016-05-27T17:14:22+08:00 ] ::1 /edit/Public/js/Common/tendina.min.js?v=20150103
ERR: 无法加载模块:Public

[ 2016-05-27T17:14:22+08:00 ] ::1 /edit/Public/js/Common/tendina.min.js?v=20150103
ERR: 无法加载模块:Public

[ 2016-05-27T17:14:22+08:00 ] ::1 /edit/Public/js/Common/tendina.min.js?v=20150103
ERR: 无法加载模块:Public

[ 2016-05-27T17:14:22+08:00 ] ::1 /edit/Public/js/Common/tendina.min.js?v=20150103
ERR: 无法加载模块:Public

[ 2016-05-27T17:14:22+08:00 ] ::1 /edit/Public/js/Common/tendina.min.js?v=20150103
ERR: 无法加载模块:Public

[ 2016-05-27T17:14:22+08:00 ] ::1 /edit/Public/js/Common/tendina.min.js?v=20150103
ERR: 无法加载模块:Public

[ 2016-05-27T17:14:23+08:00 ] ::1 /edit/Public/js/Common/tendina.min.js?v=20150103
ERR: 无法加载模块:Public

[ 2016-05-27T17:14:23+08:00 ] ::1 /edit/Public/js/Common/tendina.min.js?v=20150103
ERR: 无法加载模块:Public

[ 2016-05-27T17:14:23+08:00 ] ::1 /edit/Public/js/Common/tendina.min.js?v=20150103
ERR: 无法加载模块:Public

[ 2016-05-27T17:14:24+08:00 ] ::1 /edit/Public/js/Common/tendina.min.js?v=20150103
ERR: 无法加载模块:Public

[ 2016-05-27T17:14:24+08:00 ] ::1 /edit/Public/js/Common/tendina.min.js?v=20150103
ERR: 无法加载模块:Public

[ 2016-05-27T17:14:24+08:00 ] ::1 /edit/Public/js/Common/tendina.min.js?v=20150103
ERR: 无法加载模块:Public

[ 2016-05-27T17:14:25+08:00 ] ::1 /edit/Public/js/Common/tendina.min.js?v=20150103
ERR: 无法加载模块:Public

[ 2016-05-27T17:14:25+08:00 ] ::1 /edit/Public/js/Common/tendina.min.js?v=20150103
ERR: 无法加载模块:Public

[ 2016-05-27T17:14:26+08:00 ] ::1 /edit/Public/js/Common/tendina.min.js?v=20150103
ERR: 无法加载模块:Public

[ 2016-05-27T17:14:26+08:00 ] ::1 /edit/Public/js/Common/tendina.min.js?v=20150103
ERR: 无法加载模块:Public

[ 2016-05-27T17:14:26+08:00 ] ::1 /edit/Public/js/Common/tendina.min.js?v=20150103
ERR: 无法加载模块:Public

[ 2016-05-27T17:14:27+08:00 ] ::1 /edit/Public/js/Common/tendina.min.js?v=20150103
ERR: 无法加载模块:Public

[ 2016-05-27T17:14:27+08:00 ] ::1 /edit/Public/js/Common/tendina.min.js?v=20150103
ERR: 无法加载模块:Public

[ 2016-05-27T17:14:27+08:00 ] ::1 /edit/Public/js/Common/tendina.min.js?v=20150103
ERR: 无法加载模块:Public

[ 2016-05-27T17:14:27+08:00 ] ::1 /edit/Public/js/Common/tendina.min.js?v=20150103
ERR: 无法加载模块:Public

[ 2016-05-27T17:14:27+08:00 ] ::1 /edit/Public/js/Common/tendina.min.js?v=20150103
ERR: 无法加载模块:Public

[ 2016-05-27T17:14:28+08:00 ] ::1 /edit/Public/js/Common/tendina.min.js?v=20150103
ERR: 无法加载模块:Public

[ 2016-05-27T17:14:28+08:00 ] ::1 /edit/Public/js/Common/tendina.min.js?v=20150103
ERR: 无法加载模块:Public

[ 2016-05-27T17:14:28+08:00 ] ::1 /edit/Public/js/Common/tendina.min.js?v=20150103
ERR: 无法加载模块:Public

[ 2016-05-27T17:14:29+08:00 ] ::1 /edit/Public/js/Common/tendina.min.js?v=20150103
ERR: 无法加载模块:Public

[ 2016-05-27T17:14:29+08:00 ] ::1 /edit/Public/js/Common/tendina.min.js?v=20150103
ERR: 无法加载模块:Public

[ 2016-05-27T17:14:29+08:00 ] ::1 /edit/Public/js/Common/tendina.min.js?v=20150103
ERR: 无法加载模块:Public

[ 2016-05-27T17:14:29+08:00 ] ::1 /edit/Public/js/Common/tendina.min.js?v=20150103
ERR: 无法加载模块:Public

[ 2016-05-27T17:14:29+08:00 ] ::1 /edit/Public/js/Common/tendina.min.js?v=20150103
ERR: 无法加载模块:Public

[ 2016-05-27T17:14:29+08:00 ] ::1 /edit/Public/js/Common/tendina.min.js?v=20150103
ERR: 无法加载模块:Public

[ 2016-05-27T17:14:29+08:00 ] ::1 /edit/Public/js/Common/tendina.min.js?v=20150103
ERR: 无法加载模块:Public

[ 2016-05-27T17:14:29+08:00 ] ::1 /edit/Public/js/Common/tendina.min.js?v=20150103
ERR: 无法加载模块:Public

[ 2016-05-27T17:14:29+08:00 ] ::1 /edit/Public/js/Common/tendina.min.js?v=20150103
ERR: 无法加载模块:Public

[ 2016-05-27T17:14:30+08:00 ] ::1 /edit/Public/js/Common/tendina.min.js?v=20150103
ERR: 无法加载模块:Public

[ 2016-05-27T17:14:30+08:00 ] ::1 /edit/Public/js/Common/tendina.min.js?v=20150103
ERR: 无法加载模块:Public

[ 2016-05-27T17:14:49+08:00 ] ::1 /edit/Public/js/Common/tendina.min.js?v=20150103
ERR: 无法加载模块:Public

[ 2016-05-27T17:14:55+08:00 ] ::1 /edit/Public/js/Common/tendina.min.js?v=20150103
ERR: 无法加载模块:Public

[ 2016-05-27T17:14:55+08:00 ] ::1 /edit/Public/js/Common/tendina.min.js?v=20150103
ERR: 无法加载模块:Public

[ 2016-05-27T17:14:56+08:00 ] ::1 /edit/Public/js/Common/tendina.min.js?v=20150103
ERR: 无法加载模块:Public

[ 2016-05-27T17:14:57+08:00 ] ::1 /edit/Public/js/Common/tendina.min.js?v=20150103
ERR: 无法加载模块:Public

[ 2016-05-27T17:14:57+08:00 ] ::1 /edit/Public/js/Common/tendina.min.js?v=20150103
ERR: 无法加载模块:Public

[ 2016-05-27T17:14:57+08:00 ] ::1 /edit/Public/js/Common/tendina.min.js?v=20150103
ERR: 无法加载模块:Public

[ 2016-05-27T17:14:57+08:00 ] ::1 /edit/Public/js/Common/tendina.min.js?v=20150103
ERR: 无法加载模块:Public

[ 2016-05-27T17:14:57+08:00 ] ::1 /edit/Public/js/Common/tendina.min.js?v=20150103
ERR: 无法加载模块:Public

[ 2016-05-27T17:14:57+08:00 ] ::1 /edit/Public/js/Common/tendina.min.js?v=20150103
ERR: 无法加载模块:Public

[ 2016-05-27T17:14:57+08:00 ] ::1 /edit/Public/js/Common/tendina.min.js?v=20150103
ERR: 无法加载模块:Public

[ 2016-05-27T17:14:58+08:00 ] ::1 /edit/tpl/admin/utilLib/fonts/font_awesome/fontawesome-webfontd41d.eot?
ERR: 无法加载模块:Tpl

[ 2016-05-27T17:14:58+08:00 ] ::1 /edit/tpl/admin/utilLib/fonts/font_awesome/fontawesome-webfontf77b.woff?v=3.2.1
ERR: 无法加载模块:Tpl

[ 2016-05-27T17:14:58+08:00 ] ::1 /edit/Public/js/Common/tendina.min.js?v=20150103
ERR: 无法加载模块:Public

[ 2016-05-27T17:14:58+08:00 ] ::1 /edit/tpl/admin/utilLib/fonts/font_awesome/fontawesome-webfontf77b.ttf?v=3.2.1
ERR: 无法加载模块:Tpl

[ 2016-05-27T17:14:58+08:00 ] ::1 /edit/Public/js/Common/tendina.min.js?v=20150103
ERR: 无法加载模块:Public

[ 2016-05-27T17:14:59+08:00 ] ::1 /edit/Public/js/Common/tendina.min.js?v=20150103
ERR: 无法加载模块:Public

[ 2016-05-27T17:14:59+08:00 ] ::1 /edit/Public/js/Common/tendina.min.js?v=20150103
ERR: 无法加载模块:Public

[ 2016-05-27T17:14:59+08:00 ] ::1 /edit/Public/js/Common/tendina.min.js?v=20150103
ERR: 无法加载模块:Public

[ 2016-05-27T17:14:59+08:00 ] ::1 /edit/Public/js/Common/tendina.min.js?v=20150103
ERR: 无法加载模块:Public

[ 2016-05-27T17:14:59+08:00 ] ::1 /edit/Public/js/Common/tendina.min.js?v=20150103
ERR: 无法加载模块:Public

[ 2016-05-27T17:14:59+08:00 ] ::1 /edit/Public/js/Common/tendina.min.js?v=20150103
ERR: 无法加载模块:Public

[ 2016-05-27T17:15:00+08:00 ] ::1 /edit/Public/js/Common/tendina.min.js?v=20150103
ERR: 无法加载模块:Public

[ 2016-05-27T17:15:00+08:00 ] ::1 /edit/Public/js/Common/tendina.min.js?v=20150103
ERR: 无法加载模块:Public

[ 2016-05-27T17:15:00+08:00 ] ::1 /edit/Public/js/Common/tendina.min.js?v=20150103
ERR: 无法加载模块:Public

[ 2016-05-27T17:15:00+08:00 ] ::1 /edit/Public/js/Common/tendina.min.js?v=20150103
ERR: 无法加载模块:Public

[ 2016-05-27T17:15:00+08:00 ] ::1 /edit/Public/js/Common/tendina.min.js?v=20150103
ERR: 无法加载模块:Public

[ 2016-05-27T17:15:00+08:00 ] ::1 /edit/Public/js/Common/tendina.min.js?v=20150103
ERR: 无法加载模块:Public

[ 2016-05-27T17:15:01+08:00 ] ::1 /edit/Public/js/Common/tendina.min.js?v=20150103
ERR: 无法加载模块:Public

[ 2016-05-27T17:15:01+08:00 ] ::1 /edit/Public/js/Common/tendina.min.js?v=20150103
ERR: 无法加载模块:Public

[ 2016-05-27T17:15:01+08:00 ] ::1 /edit/Public/js/Common/tendina.min.js?v=20150103
ERR: 无法加载模块:Public

[ 2016-05-27T17:15:01+08:00 ] ::1 /edit/Public/js/Common/tendina.min.js?v=20150103
ERR: 无法加载模块:Public

[ 2016-05-27T17:15:01+08:00 ] ::1 /edit/Public/js/Common/tendina.min.js?v=20150103
ERR: 无法加载模块:Public

[ 2016-05-27T17:15:01+08:00 ] ::1 /edit/Public/js/Common/tendina.min.js?v=20150103
ERR: 无法加载模块:Public

[ 2016-05-27T17:15:01+08:00 ] ::1 /edit/Public/js/Common/tendina.min.js?v=20150103
ERR: 无法加载模块:Public

[ 2016-05-27T17:15:02+08:00 ] ::1 /edit/Public/js/Common/tendina.min.js?v=20150103
ERR: 无法加载模块:Public

[ 2016-05-27T17:15:02+08:00 ] ::1 /edit/Public/js/Common/tendina.min.js?v=20150103
ERR: 无法加载模块:Public

[ 2016-05-27T17:15:02+08:00 ] ::1 /edit/Public/js/Common/tendina.min.js?v=20150103
ERR: 无法加载模块:Public

[ 2016-05-27T17:15:02+08:00 ] ::1 /edit/Public/js/Common/tendina.min.js?v=20150103
ERR: 无法加载模块:Public

[ 2016-05-27T17:15:02+08:00 ] ::1 /edit/Public/js/Common/tendina.min.js?v=20150103
ERR: 无法加载模块:Public

[ 2016-05-27T17:15:03+08:00 ] ::1 /edit/Public/js/Common/tendina.min.js?v=20150103
ERR: 无法加载模块:Public

[ 2016-05-27T17:15:03+08:00 ] ::1 /edit/Public/js/Common/tendina.min.js?v=20150103
ERR: 无法加载模块:Public

[ 2016-05-27T17:15:03+08:00 ] ::1 /edit/Public/js/Common/tendina.min.js?v=20150103
ERR: 无法加载模块:Public

[ 2016-05-27T17:15:03+08:00 ] ::1 /edit/Public/js/Common/tendina.min.js?v=20150103
ERR: 无法加载模块:Public

[ 2016-05-27T17:15:03+08:00 ] ::1 /edit/Public/js/Common/tendina.min.js?v=20150103
ERR: 无法加载模块:Public

[ 2016-05-27T17:15:03+08:00 ] ::1 /edit/Public/js/Common/tendina.min.js?v=20150103
ERR: 无法加载模块:Public

[ 2016-05-27T17:15:04+08:00 ] ::1 /edit/Public/js/Common/tendina.min.js?v=20150103
ERR: 无法加载模块:Public

[ 2016-05-27T17:15:04+08:00 ] ::1 /edit/Public/js/Common/tendina.min.js?v=20150103
ERR: 无法加载模块:Public

[ 2016-05-27T17:15:04+08:00 ] ::1 /edit/Public/js/Common/tendina.min.js?v=20150103
ERR: 无法加载模块:Public

[ 2016-05-27T17:15:04+08:00 ] ::1 /edit/Public/js/Common/tendina.min.js?v=20150103
ERR: 无法加载模块:Public

[ 2016-05-27T17:15:05+08:00 ] ::1 /edit/Public/js/Common/tendina.min.js?v=20150103
ERR: 无法加载模块:Public

[ 2016-05-27T17:15:05+08:00 ] ::1 /edit/Public/js/Common/tendina.min.js?v=20150103
ERR: 无法加载模块:Public

[ 2016-05-27T17:15:05+08:00 ] ::1 /edit/Public/js/Common/tendina.min.js?v=20150103
ERR: 无法加载模块:Public

[ 2016-05-27T17:15:05+08:00 ] ::1 /edit/Public/js/Common/tendina.min.js?v=20150103
ERR: 无法加载模块:Public

[ 2016-05-27T17:15:05+08:00 ] ::1 /edit/Public/js/Common/tendina.min.js?v=20150103
ERR: 无法加载模块:Public

[ 2016-05-27T17:15:06+08:00 ] ::1 /edit/Public/js/Common/tendina.min.js?v=20150103
ERR: 无法加载模块:Public

[ 2016-05-27T17:15:06+08:00 ] ::1 /edit/Public/js/Common/tendina.min.js?v=20150103
ERR: 无法加载模块:Public

[ 2016-05-27T17:15:06+08:00 ] ::1 /edit/Public/js/Common/tendina.min.js?v=20150103
ERR: 无法加载模块:Public

[ 2016-05-27T17:15:06+08:00 ] ::1 /edit/Public/js/Common/tendina.min.js?v=20150103
ERR: 无法加载模块:Public

[ 2016-05-27T17:15:06+08:00 ] ::1 /edit/Public/js/Common/tendina.min.js?v=20150103
ERR: 无法加载模块:Public

[ 2016-05-27T17:15:07+08:00 ] ::1 /edit/Public/js/Common/tendina.min.js?v=20150103
ERR: 无法加载模块:Public

[ 2016-05-27T17:15:07+08:00 ] ::1 /edit/Public/js/Common/tendina.min.js?v=20150103
ERR: 无法加载模块:Public

[ 2016-05-27T17:15:07+08:00 ] ::1 /edit/Public/js/Common/tendina.min.js?v=20150103
ERR: 无法加载模块:Public

[ 2016-05-27T17:15:07+08:00 ] ::1 /edit/Public/js/Common/tendina.min.js?v=20150103
ERR: 无法加载模块:Public

[ 2016-05-27T17:15:09+08:00 ] ::1 /edit/Public/js/Common/tendina.min.js?v=20150103
ERR: 无法加载模块:Public

[ 2016-05-27T17:15:09+08:00 ] ::1 /edit/Public/js/Common/tendina.min.js?v=20150103
ERR: 无法加载模块:Public

[ 2016-05-27T17:15:09+08:00 ] ::1 /edit/Public/js/Common/tendina.min.js?v=20150103
ERR: 无法加载模块:Public

[ 2016-05-27T17:15:10+08:00 ] ::1 /edit/Public/js/Common/tendina.min.js?v=20150103
ERR: 无法加载模块:Public

[ 2016-05-27T17:15:10+08:00 ] ::1 /edit/Public/js/Common/tendina.min.js?v=20150103
ERR: 无法加载模块:Public

[ 2016-05-27T17:15:10+08:00 ] ::1 /edit/Public/js/Common/tendina.min.js?v=20150103
ERR: 无法加载模块:Public

[ 2016-05-27T17:16:02+08:00 ] ::1 /edit/Public/js/Common/tendina.min.js?v=20150103
ERR: 无法加载模块:Public

[ 2016-05-27T17:16:03+08:00 ] ::1 /edit/tpl/admin/utilLib/fonts/font_awesome/fontawesome-webfontd41d.eot?
ERR: 无法加载模块:Tpl

[ 2016-05-27T17:16:03+08:00 ] ::1 /edit/tpl/admin/utilLib/fonts/font_awesome/fontawesome-webfontf77b.woff?v=3.2.1
ERR: 无法加载模块:Tpl

[ 2016-05-27T17:16:03+08:00 ] ::1 /edit/tpl/admin/utilLib/fonts/font_awesome/fontawesome-webfontf77b.ttf?v=3.2.1
ERR: 无法加载模块:Tpl

[ 2016-05-27T17:16:03+08:00 ] ::1 /edit/Public/js/Common/tendina.min.js?v=20150103
ERR: 无法加载模块:Public

[ 2016-05-27T17:16:03+08:00 ] ::1 /edit/Public/js/Common/tendina.min.js?v=20150103
ERR: 无法加载模块:Public

[ 2016-05-27T17:16:03+08:00 ] ::1 /edit/Public/js/Common/tendina.min.js?v=20150103
ERR: 无法加载模块:Public

[ 2016-05-27T17:16:03+08:00 ] ::1 /edit/Public/js/Common/tendina.min.js?v=20150103
ERR: 无法加载模块:Public

[ 2016-05-27T17:16:03+08:00 ] ::1 /edit/Public/js/Common/tendina.min.js?v=20150103
ERR: 无法加载模块:Public

[ 2016-05-27T17:16:04+08:00 ] ::1 /edit/Public/js/Common/tendina.min.js?v=20150103
ERR: 无法加载模块:Public

[ 2016-05-27T17:16:04+08:00 ] ::1 /edit/Public/js/Common/tendina.min.js?v=20150103
ERR: 无法加载模块:Public

[ 2016-05-27T17:16:05+08:00 ] ::1 /edit/Public/js/Common/tendina.min.js?v=20150103
ERR: 无法加载模块:Public

[ 2016-05-27T17:16:06+08:00 ] ::1 /edit/tpl/admin/utilLib/fonts/font_awesome/fontawesome-webfontd41d.eot?
ERR: 无法加载模块:Tpl

[ 2016-05-27T17:16:06+08:00 ] ::1 /edit/tpl/admin/utilLib/fonts/font_awesome/fontawesome-webfontf77b.woff?v=3.2.1
ERR: 无法加载模块:Tpl

[ 2016-05-27T17:16:06+08:00 ] ::1 /edit/Public/js/Common/tendina.min.js?v=20150103
ERR: 无法加载模块:Public

[ 2016-05-27T17:16:06+08:00 ] ::1 /edit/tpl/admin/utilLib/fonts/font_awesome/fontawesome-webfontf77b.ttf?v=3.2.1
ERR: 无法加载模块:Tpl

[ 2016-05-27T17:16:06+08:00 ] ::1 /edit/Public/js/Common/tendina.min.js?v=20150103
ERR: 无法加载模块:Public

[ 2016-05-27T17:16:06+08:00 ] ::1 /edit/Public/js/Common/tendina.min.js?v=20150103
ERR: 无法加载模块:Public

[ 2016-05-27T17:16:06+08:00 ] ::1 /edit/Public/js/Common/tendina.min.js?v=20150103
ERR: 无法加载模块:Public

[ 2016-05-27T17:16:06+08:00 ] ::1 /edit/Public/js/Common/tendina.min.js?v=20150103
ERR: 无法加载模块:Public

[ 2016-05-27T17:16:06+08:00 ] ::1 /edit/Public/js/Common/tendina.min.js?v=20150103
ERR: 无法加载模块:Public

[ 2016-05-27T17:16:06+08:00 ] ::1 /edit/Public/js/Common/tendina.min.js?v=20150103
ERR: 无法加载模块:Public

[ 2016-05-27T17:16:06+08:00 ] ::1 /edit/Public/js/Common/tendina.min.js?v=20150103
ERR: 无法加载模块:Public

[ 2016-05-27T17:16:20+08:00 ] ::1 /edit/Public/js/Common/tendina.min.js?v=20150103
ERR: 无法加载模块:Public

[ 2016-05-27T17:16:20+08:00 ] ::1 /edit/Public/js/Common/tendina.min.js?v=20150103
ERR: 无法加载模块:Public

[ 2016-05-27T17:16:20+08:00 ] ::1 /edit/tpl/admin/utilLib/fonts/font_awesome/fontawesome-webfontd41d.eot?
ERR: 无法加载模块:Tpl

[ 2016-05-27T17:16:20+08:00 ] ::1 /edit/tpl/admin/utilLib/fonts/font_awesome/fontawesome-webfontf77b.woff?v=3.2.1
ERR: 无法加载模块:Tpl

[ 2016-05-27T17:16:20+08:00 ] ::1 /edit/Public/js/Common/tendina.min.js?v=20150103
ERR: 无法加载模块:Public

[ 2016-05-27T17:16:20+08:00 ] ::1 /edit/tpl/admin/utilLib/fonts/font_awesome/fontawesome-webfontf77b.ttf?v=3.2.1
ERR: 无法加载模块:Tpl

[ 2016-05-27T17:16:20+08:00 ] ::1 /edit/Public/js/Common/tendina.min.js?v=20150103
ERR: 无法加载模块:Public

[ 2016-05-27T17:16:20+08:00 ] ::1 /edit/Public/js/Common/tendina.min.js?v=20150103
ERR: 无法加载模块:Public

[ 2016-05-27T17:16:20+08:00 ] ::1 /edit/Public/js/Common/tendina.min.js?v=20150103
ERR: 无法加载模块:Public

[ 2016-05-27T17:16:21+08:00 ] ::1 /edit/Public/js/Common/tendina.min.js?v=20150103
ERR: 无法加载模块:Public

[ 2016-05-27T17:16:21+08:00 ] ::1 /edit/Public/js/Common/tendina.min.js?v=20150103
ERR: 无法加载模块:Public

[ 2016-05-27T17:16:21+08:00 ] ::1 /edit/Public/js/Common/tendina.min.js?v=20150103
ERR: 无法加载模块:Public

[ 2016-05-27T17:16:21+08:00 ] ::1 /edit/Public/js/Common/tendina.min.js?v=20150103
ERR: 无法加载模块:Public

[ 2016-05-27T17:16:21+08:00 ] ::1 /edit/Public/js/Common/tendina.min.js?v=20150103
ERR: 无法加载模块:Public

[ 2016-05-27T17:16:21+08:00 ] ::1 /edit/Public/js/Common/tendina.min.js?v=20150103
ERR: 无法加载模块:Public

[ 2016-05-27T17:16:21+08:00 ] ::1 /edit/Public/js/Common/tendina.min.js?v=20150103
ERR: 无法加载模块:Public

[ 2016-05-27T17:16:21+08:00 ] ::1 /edit/Public/js/Common/tendina.min.js?v=20150103
ERR: 无法加载模块:Public

[ 2016-05-27T17:16:21+08:00 ] ::1 /edit/Public/js/Common/tendina.min.js?v=20150103
ERR: 无法加载模块:Public

[ 2016-05-27T17:16:22+08:00 ] ::1 /edit/Public/js/Common/tendina.min.js?v=20150103
ERR: 无法加载模块:Public

[ 2016-05-27T17:16:22+08:00 ] ::1 /edit/Public/js/Common/tendina.min.js?v=20150103
ERR: 无法加载模块:Public

[ 2016-05-27T17:16:22+08:00 ] ::1 /edit/Public/js/Common/tendina.min.js?v=20150103
ERR: 无法加载模块:Public

[ 2016-05-27T17:16:22+08:00 ] ::1 /edit/Public/js/Common/tendina.min.js?v=20150103
ERR: 无法加载模块:Public

[ 2016-05-27T17:16:22+08:00 ] ::1 /edit/Public/js/Common/tendina.min.js?v=20150103
ERR: 无法加载模块:Public

[ 2016-05-27T17:16:22+08:00 ] ::1 /edit/Public/js/Common/tendina.min.js?v=20150103
ERR: 无法加载模块:Public

[ 2016-05-27T17:16:22+08:00 ] ::1 /edit/Public/js/Common/tendina.min.js?v=20150103
ERR: 无法加载模块:Public

[ 2016-05-27T17:16:23+08:00 ] ::1 /edit/Public/js/Common/tendina.min.js?v=20150103
ERR: 无法加载模块:Public

[ 2016-05-27T17:16:23+08:00 ] ::1 /edit/Public/js/Common/tendina.min.js?v=20150103
ERR: 无法加载模块:Public

[ 2016-05-27T17:16:23+08:00 ] ::1 /edit/Public/js/Common/tendina.min.js?v=20150103
ERR: 无法加载模块:Public

[ 2016-05-27T17:16:23+08:00 ] ::1 /edit/Public/js/Common/tendina.min.js?v=20150103
ERR: 无法加载模块:Public

[ 2016-05-27T17:16:23+08:00 ] ::1 /edit/Public/js/Common/tendina.min.js?v=20150103
ERR: 无法加载模块:Public

[ 2016-05-27T17:16:23+08:00 ] ::1 /edit/Public/js/Common/tendina.min.js?v=20150103
ERR: 无法加载模块:Public

[ 2016-05-27T17:16:23+08:00 ] ::1 /edit/Public/js/Common/tendina.min.js?v=20150103
ERR: 无法加载模块:Public

[ 2016-05-27T17:16:24+08:00 ] ::1 /edit/Public/js/Common/tendina.min.js?v=20150103
ERR: 无法加载模块:Public

[ 2016-05-27T17:16:24+08:00 ] ::1 /edit/Public/js/Common/tendina.min.js?v=20150103
ERR: 无法加载模块:Public

[ 2016-05-27T17:16:24+08:00 ] ::1 /edit/Public/js/Common/tendina.min.js?v=20150103
ERR: 无法加载模块:Public

[ 2016-05-27T17:16:24+08:00 ] ::1 /edit/Public/js/Common/tendina.min.js?v=20150103
ERR: 无法加载模块:Public

[ 2016-05-27T17:16:24+08:00 ] ::1 /edit/Public/js/Common/tendina.min.js?v=20150103
ERR: 无法加载模块:Public

[ 2016-05-27T17:16:24+08:00 ] ::1 /edit/Public/js/Common/tendina.min.js?v=20150103
ERR: 无法加载模块:Public

[ 2016-05-27T17:16:24+08:00 ] ::1 /edit/Public/js/Common/tendina.min.js?v=20150103
ERR: 无法加载模块:Public

[ 2016-05-27T17:16:25+08:00 ] ::1 /edit/Public/js/Common/tendina.min.js?v=20150103
ERR: 无法加载模块:Public

[ 2016-05-27T17:16:25+08:00 ] ::1 /edit/Public/js/Common/tendina.min.js?v=20150103
ERR: 无法加载模块:Public

[ 2016-05-27T17:16:25+08:00 ] ::1 /edit/Public/js/Common/tendina.min.js?v=20150103
ERR: 无法加载模块:Public

[ 2016-05-27T17:16:25+08:00 ] ::1 /edit/Public/js/Common/tendina.min.js?v=20150103
ERR: 无法加载模块:Public

[ 2016-05-27T17:16:25+08:00 ] ::1 /edit/Public/js/Common/tendina.min.js?v=20150103
ERR: 无法加载模块:Public

[ 2016-05-27T17:16:25+08:00 ] ::1 /edit/Public/js/Common/tendina.min.js?v=20150103
ERR: 无法加载模块:Public

[ 2016-05-27T17:16:26+08:00 ] ::1 /edit/Public/js/Common/tendina.min.js?v=20150103
ERR: 无法加载模块:Public

[ 2016-05-27T17:16:26+08:00 ] ::1 /edit/Public/js/Common/tendina.min.js?v=20150103
ERR: 无法加载模块:Public

[ 2016-05-27T17:16:26+08:00 ] ::1 /edit/Public/js/Common/tendina.min.js?v=20150103
ERR: 无法加载模块:Public

[ 2016-05-27T17:17:20+08:00 ] ::1 /edit/Public/js/Common/tendina.min.js?v=20150103
ERR: 无法加载模块:Public

[ 2016-05-27T17:17:20+08:00 ] ::1 /edit/tpl/admin/utilLib/fonts/font_awesome/fontawesome-webfontd41d.eot?
ERR: 无法加载模块:Tpl

[ 2016-05-27T17:17:20+08:00 ] ::1 /edit/tpl/admin/utilLib/fonts/font_awesome/fontawesome-webfontf77b.woff?v=3.2.1
ERR: 无法加载模块:Tpl

[ 2016-05-27T17:17:20+08:00 ] ::1 /edit/Public/js/Common/tendina.min.js?v=20150103
ERR: 无法加载模块:Public

[ 2016-05-27T17:17:20+08:00 ] ::1 /edit/tpl/admin/utilLib/fonts/font_awesome/fontawesome-webfontf77b.ttf?v=3.2.1
ERR: 无法加载模块:Tpl

[ 2016-05-27T17:17:20+08:00 ] ::1 /edit/Public/js/Common/tendina.min.js?v=20150103
ERR: 无法加载模块:Public

[ 2016-05-27T17:17:20+08:00 ] ::1 /edit/Public/js/Common/tendina.min.js?v=20150103
ERR: 无法加载模块:Public

[ 2016-05-27T17:17:21+08:00 ] ::1 /edit/Public/js/Common/tendina.min.js?v=20150103
ERR: 无法加载模块:Public

[ 2016-05-27T17:17:21+08:00 ] ::1 /edit/Public/js/Common/tendina.min.js?v=20150103
ERR: 无法加载模块:Public

[ 2016-05-27T17:17:21+08:00 ] ::1 /edit/Public/js/Common/tendina.min.js?v=20150103
ERR: 无法加载模块:Public

[ 2016-05-27T17:17:21+08:00 ] ::1 /edit/Public/js/Common/tendina.min.js?v=20150103
ERR: 无法加载模块:Public

[ 2016-05-27T17:17:21+08:00 ] ::1 /edit/Public/js/Common/tendina.min.js?v=20150103
ERR: 无法加载模块:Public

[ 2016-05-27T17:17:22+08:00 ] ::1 /edit/Public/js/Common/tendina.min.js?v=20150103
ERR: 无法加载模块:Public

[ 2016-05-27T17:17:22+08:00 ] ::1 /edit/Public/js/Common/tendina.min.js?v=20150103
ERR: 无法加载模块:Public

[ 2016-05-27T17:17:22+08:00 ] ::1 /edit/Public/js/Common/tendina.min.js?v=20150103
ERR: 无法加载模块:Public

[ 2016-05-27T17:17:22+08:00 ] ::1 /edit/Public/js/Common/tendina.min.js?v=20150103
ERR: 无法加载模块:Public

[ 2016-05-27T17:17:22+08:00 ] ::1 /edit/Public/js/Common/tendina.min.js?v=20150103
ERR: 无法加载模块:Public

[ 2016-05-27T17:17:23+08:00 ] ::1 /edit/Public/js/Common/tendina.min.js?v=20150103
ERR: 无法加载模块:Public

[ 2016-05-27T17:17:23+08:00 ] ::1 /edit/Public/js/Common/tendina.min.js?v=20150103
ERR: 无法加载模块:Public

[ 2016-05-27T17:17:23+08:00 ] ::1 /edit/Public/js/Common/tendina.min.js?v=20150103
ERR: 无法加载模块:Public

[ 2016-05-27T17:17:23+08:00 ] ::1 /edit/Public/js/Common/tendina.min.js?v=20150103
ERR: 无法加载模块:Public

[ 2016-05-27T17:17:23+08:00 ] ::1 /edit/Public/js/Common/tendina.min.js?v=20150103
ERR: 无法加载模块:Public

[ 2016-05-27T17:17:24+08:00 ] ::1 /edit/Public/js/Common/tendina.min.js?v=20150103
ERR: 无法加载模块:Public

[ 2016-05-27T17:17:24+08:00 ] ::1 /edit/Public/js/Common/tendina.min.js?v=20150103
ERR: 无法加载模块:Public

[ 2016-05-27T17:17:24+08:00 ] ::1 /edit/Public/js/Common/tendina.min.js?v=20150103
ERR: 无法加载模块:Public

[ 2016-05-27T17:17:24+08:00 ] ::1 /edit/Public/js/Common/tendina.min.js?v=20150103
ERR: 无法加载模块:Public

[ 2016-05-27T17:17:24+08:00 ] ::1 /edit/Public/js/Common/tendina.min.js?v=20150103
ERR: 无法加载模块:Public

[ 2016-05-27T17:17:25+08:00 ] ::1 /edit/Public/js/Common/tendina.min.js?v=20150103
ERR: 无法加载模块:Public

[ 2016-05-27T17:17:25+08:00 ] ::1 /edit/Public/js/Common/tendina.min.js?v=20150103
ERR: 无法加载模块:Public

[ 2016-05-27T17:17:25+08:00 ] ::1 /edit/Public/js/Common/tendina.min.js?v=20150103
ERR: 无法加载模块:Public

[ 2016-05-27T17:17:25+08:00 ] ::1 /edit/Public/js/Common/tendina.min.js?v=20150103
ERR: 无法加载模块:Public

[ 2016-05-27T17:17:25+08:00 ] ::1 /edit/Public/js/Common/tendina.min.js?v=20150103
ERR: 无法加载模块:Public

[ 2016-05-27T17:17:26+08:00 ] ::1 /edit/Public/js/Common/tendina.min.js?v=20150103
ERR: 无法加载模块:Public

[ 2016-05-27T17:17:26+08:00 ] ::1 /edit/Public/js/Common/tendina.min.js?v=20150103
ERR: 无法加载模块:Public

[ 2016-05-27T17:17:26+08:00 ] ::1 /edit/Public/js/Common/tendina.min.js?v=20150103
ERR: 无法加载模块:Public

[ 2016-05-27T17:17:26+08:00 ] ::1 /edit/Public/js/Common/tendina.min.js?v=20150103
ERR: 无法加载模块:Public

[ 2016-05-27T17:17:26+08:00 ] ::1 /edit/Public/js/Common/tendina.min.js?v=20150103
ERR: 无法加载模块:Public

[ 2016-05-27T17:18:19+08:00 ] ::1 /edit/Public/js/Common/tendina.min.js?v=20150103
ERR: 无法加载模块:Public

[ 2016-05-27T17:19:03+08:00 ] ::1 /edit/Public/js/Common/tendina.min.js?v=20150103
ERR: 无法加载模块:Public

[ 2016-05-27T17:19:03+08:00 ] ::1 /edit/tpl/admin/utilLib/fonts/font_awesome/fontawesome-webfontd41d.eot?
ERR: 无法加载模块:Tpl

[ 2016-05-27T17:19:03+08:00 ] ::1 /edit/tpl/admin/utilLib/fonts/font_awesome/fontawesome-webfontf77b.woff?v=3.2.1
ERR: 无法加载模块:Tpl

[ 2016-05-27T17:19:03+08:00 ] ::1 /edit/tpl/admin/utilLib/fonts/font_awesome/fontawesome-webfontf77b.ttf?v=3.2.1
ERR: 无法加载模块:Tpl

