[ 2016-05-30T17:17:41+08:00 ] ::1 /edit/Public/css/Admin/Admin/Admin/bootstrap.min.css
ERR: 无法加载模块:Public

[ 2016-05-30T17:17:43+08:00 ] ::1 /edit/Public/css/fonts/ionicons.ttf?v=1.5.2
ERR: 无法加载模块:Public

[ 2016-05-30T17:17:43+08:00 ] ::1 /edit/Public/css/fonts/fontawesome-webfont.woff?v=4.1.0
ERR: 无法加载模块:Public

[ 2016-05-30T17:17:43+08:00 ] ::1 /edit/Public/css/fonts/ionicons.woff?v=1.5.2
ERR: 无法加载模块:Public

[ 2016-05-30T17:17:43+08:00 ] ::1 /edit/Public/css/fonts/fontawesome-webfont.ttf?v=4.1.0
ERR: 无法加载模块:Public

[ 2016-05-30T17:18:20+08:00 ] ::1 /edit/Public/css/Admin/Admin/Admin/bootstrap.min.css
ERR: 无法加载模块:Public

[ 2016-05-30T17:18:21+08:00 ] ::1 /edit/Public/css/fonts/ionicons.ttf?v=1.5.2
ERR: 无法加载模块:Public

[ 2016-05-30T17:18:21+08:00 ] ::1 /edit/Public/css/fonts/fontawesome-webfont.woff?v=4.1.0
ERR: 无法加载模块:Public

[ 2016-05-30T17:18:21+08:00 ] ::1 /edit/Public/css/fonts/ionicons.woff?v=1.5.2
ERR: 无法加载模块:Public

[ 2016-05-30T17:18:21+08:00 ] ::1 /edit/Public/css/fonts/fontawesome-webfont.ttf?v=4.1.0
ERR: 无法加载模块:Public

[ 2016-05-30T17:20:07+08:00 ] ::1 /edit/Public/css/Admin/Admin/Admin/bootstrap.min.css
ERR: 无法加载模块:Public

[ 2016-05-30T17:20:07+08:00 ] ::1 /edit/Public/css/fonts/fontawesome-webfont.woff?v=4.1.0
ERR: 无法加载模块:Public

[ 2016-05-30T17:20:07+08:00 ] ::1 /edit/Public/css/fonts/ionicons.ttf?v=1.5.2
ERR: 无法加载模块:Public

[ 2016-05-30T17:20:07+08:00 ] ::1 /edit/Public/css/fonts/fontawesome-webfont.ttf?v=4.1.0
ERR: 无法加载模块:Public

[ 2016-05-30T17:20:07+08:00 ] ::1 /edit/Public/css/fonts/ionicons.woff?v=1.5.2
ERR: 无法加载模块:Public

[ 2016-05-30T17:26:41+08:00 ] ::1 /edit/Public/css/Admin/Admin/Admin/bootstrap.min.css
ERR: 无法加载模块:Public

[ 2016-05-30T17:26:41+08:00 ] ::1 /edit/Public/css/fonts/ionicons.ttf?v=1.5.2
ERR: 无法加载模块:Public

[ 2016-05-30T17:26:41+08:00 ] ::1 /edit/Public/css/fonts/fontawesome-webfont.woff?v=4.1.0
ERR: 无法加载模块:Public

[ 2016-05-30T17:26:42+08:00 ] ::1 /edit/Public/css/fonts/ionicons.woff?v=1.5.2
ERR: 无法加载模块:Public

[ 2016-05-30T17:26:42+08:00 ] ::1 /edit/Public/css/fonts/fontawesome-webfont.ttf?v=4.1.0
ERR: 无法加载模块:Public

[ 2016-05-30T17:26:47+08:00 ] ::1 /edit/Public/css/Admin/Admin/Admin/bootstrap.min.css
ERR: 无法加载模块:Public

[ 2016-05-30T17:26:48+08:00 ] ::1 /edit/Public/css/fonts/ionicons.ttf?v=1.5.2
ERR: 无法加载模块:Public

[ 2016-05-30T17:26:48+08:00 ] ::1 /edit/Public/css/fonts/fontawesome-webfont.woff?v=4.1.0
ERR: 无法加载模块:Public

[ 2016-05-30T17:26:48+08:00 ] ::1 /edit/Public/css/fonts/ionicons.woff?v=1.5.2
ERR: 无法加载模块:Public

[ 2016-05-30T17:26:48+08:00 ] ::1 /edit/Public/css/fonts/fontawesome-webfont.ttf?v=4.1.0
ERR: 无法加载模块:Public

[ 2016-05-30T17:27:39+08:00 ] ::1 /edit/Public/css/Admin/Admin/Admin/bootstrap.min.css
ERR: 无法加载模块:Public

[ 2016-05-30T17:29:18+08:00 ] ::1 /edit/Public/css/Admin/Admin/Admin/bootstrap.min.css
ERR: 无法加载模块:Public

