[ 2016-05-16T14:31:29+08:00 ] ::1 /edit/Public/js/Common/tendina.min.js?v=20150103
ERR: 无法加载模块:Public

[ 2016-05-16T14:31:30+08:00 ] ::1 /edit/tpl/admin/utilLib/fonts/font_awesome/fontawesome-webfontf77b.woff?v=3.2.1
ERR: 无法加载模块:Tpl

[ 2016-05-16T14:31:30+08:00 ] ::1 /edit/tpl/admin/utilLib/fonts/font_awesome/fontawesome-webfontf77b.ttf?v=3.2.1
ERR: 无法加载模块:Tpl

[ 2016-05-16T17:07:39+08:00 ] ::1 /edit/Public/js/Common/tendina.min.js?v=20150103
ERR: 无法加载模块:Public

[ 2016-05-16T17:07:39+08:00 ] ::1 /edit/Public/js/Common/tendina.min.js?v=20150103
ERR: 无法加载模块:Public

[ 2016-05-16T17:07:39+08:00 ] ::1 /edit/tpl/admin/utilLib/fonts/font_awesome/fontawesome-webfontf77b.woff?v=3.2.1
ERR: 无法加载模块:Tpl

[ 2016-05-16T17:07:40+08:00 ] ::1 /edit/tpl/admin/utilLib/fonts/font_awesome/fontawesome-webfontf77b.ttf?v=3.2.1
ERR: 无法加载模块:Tpl

[ 2016-05-16T17:30:48+08:00 ] ::1 /edit/Public/base.css
ERR: 无法加载模块:Public

[ 2016-05-16T17:31:43+08:00 ] ::1 /edit/Public/css/admin.css
ERR: 无法加载模块:Public

[ 2016-05-16T17:32:45+08:00 ] ::1 /edit/Public/css/Admin/admin.css
ERR: 无法加载模块:Public

[ 2016-05-16T17:34:32+08:00 ] ::1 /edit/Public/css/Admin/forms.css
ERR: 无法加载模块:Public

[ 2016-05-16T17:34:32+08:00 ] ::1 /edit/Public/css/Admin/l10n.css
ERR: 无法加载模块:Public

[ 2016-05-16T17:34:33+08:00 ] ::1 /edit/Public/css/images/logo.jpg
ERR: 无法加载模块:Public

[ 2016-05-16T17:37:16+08:00 ] ::1 /edit/Public/css/images/logo.jpg
ERR: 无法加载模块:Public

[ 2016-05-16T17:37:19+08:00 ] ::1 /edit/Public/css/Admin/forms.css
ERR: 无法加载模块:Public

[ 2016-05-16T17:37:19+08:00 ] ::1 /edit/Public/css/Admin/l10n.css
ERR: 无法加载模块:Public

[ 2016-05-16T17:37:19+08:00 ] ::1 /edit/Public/css/images/logo.jpg
ERR: 无法加载模块:Public

[ 2016-05-16T20:07:34+08:00 ] ::1 /edit/Public/css/Admin/forms.css
ERR: 无法加载模块:Public

[ 2016-05-16T20:07:34+08:00 ] ::1 /edit/Public/css/Admin/l10n.css
ERR: 无法加载模块:Public

[ 2016-05-16T20:07:34+08:00 ] ::1 /edit/Public/css/images/logo.jpg
ERR: 无法加载模块:Public

[ 2016-05-16T20:08:40+08:00 ] ::1 /edit/Public/css/Admin/forms.css
ERR: 无法加载模块:Public

[ 2016-05-16T20:08:40+08:00 ] ::1 /edit/Public/css/Admin/l10n.css
ERR: 无法加载模块:Public

[ 2016-05-16T20:08:40+08:00 ] ::1 /edit/Public/css/images/logo.jpg
ERR: 无法加载模块:Public

[ 2016-05-16T20:10:13+08:00 ] ::1 /edit/Public/css/Admin/forms.css
ERR: 无法加载模块:Public

[ 2016-05-16T20:10:13+08:00 ] ::1 /edit/Public/css/Admin/l10n.css
ERR: 无法加载模块:Public

[ 2016-05-16T20:10:13+08:00 ] ::1 /edit/Public/css/images/logo.jpg
ERR: 无法加载模块:Public

[ 2016-05-16T20:10:27+08:00 ] ::1 /edit/Public/css/Admin/l10n.css
ERR: 无法加载模块:Public

[ 2016-05-16T20:10:27+08:00 ] ::1 /edit/Public/css/Admin/forms.css
ERR: 无法加载模块:Public

[ 2016-05-16T20:10:27+08:00 ] ::1 /edit/Public/css/images/logo.jpg
ERR: 无法加载模块:Public

[ 2016-05-16T20:11:26+08:00 ] ::1 /edit/Public/css/Admin/l10n.css
ERR: 无法加载模块:Public

[ 2016-05-16T20:11:26+08:00 ] ::1 /edit/Public/css/Admin/forms.css
ERR: 无法加载模块:Public

[ 2016-05-16T20:11:26+08:00 ] ::1 /edit/Public/css/images/logo.jpg
ERR: 无法加载模块:Public

[ 2016-05-16T20:11:31+08:00 ] ::1 /edit/Public/css/Admin/forms.css
ERR: 无法加载模块:Public

[ 2016-05-16T20:11:31+08:00 ] ::1 /edit/Public/css/Admin/l10n.css
ERR: 无法加载模块:Public

[ 2016-05-16T20:12:59+08:00 ] ::1 /edit/Public/css/Admin/forms.css
ERR: 无法加载模块:Public

[ 2016-05-16T20:12:59+08:00 ] ::1 /edit/Public/css/Admin/l10n.css
ERR: 无法加载模块:Public

[ 2016-05-16T20:12:59+08:00 ] ::1 /edit/Public/css/images/logo.jpg
ERR: 无法加载模块:Public

[ 2016-05-16T20:15:16+08:00 ] ::1 /edit/Public/css/Admin/forms.css
ERR: 无法加载模块:Public

[ 2016-05-16T20:15:16+08:00 ] ::1 /edit/Public/css/Admin/l10n.css
ERR: 无法加载模块:Public

[ 2016-05-16T20:15:16+08:00 ] ::1 /edit/Public/css/images/logo.jpg
ERR: 无法加载模块:Public

[ 2016-05-16T20:16:44+08:00 ] ::1 /edit/Public/css/Admin/forms.css
ERR: 无法加载模块:Public

[ 2016-05-16T20:16:44+08:00 ] ::1 /edit/Public/css/Admin/l10n.css
ERR: 无法加载模块:Public

[ 2016-05-16T20:16:44+08:00 ] ::1 /edit/Public/css/images/logo.jpg
ERR: 无法加载模块:Public

[ 2016-05-16T20:16:57+08:00 ] ::1 /edit/Public/css/Admin/forms.css
ERR: 无法加载模块:Public

[ 2016-05-16T20:16:57+08:00 ] ::1 /edit/Public/css/Admin/l10n.css
ERR: 无法加载模块:Public

[ 2016-05-16T20:16:57+08:00 ] ::1 /edit/Public/css/images/logo.jpg
ERR: 无法加载模块:Public

[ 2016-05-16T20:17:41+08:00 ] ::1 /edit/Public/css/Admin/forms.css
ERR: 无法加载模块:Public

[ 2016-05-16T20:17:41+08:00 ] ::1 /edit/Public/css/Admin/l10n.css
ERR: 无法加载模块:Public

[ 2016-05-16T20:17:41+08:00 ] ::1 /edit/Public/css/images/logo.jpg
ERR: 无法加载模块:Public

[ 2016-05-16T20:17:53+08:00 ] ::1 /edit/Public/css/Admin/l10n.css
ERR: 无法加载模块:Public

[ 2016-05-16T20:17:53+08:00 ] ::1 /edit/Public/css/Admin/forms.css
ERR: 无法加载模块:Public

[ 2016-05-16T20:17:53+08:00 ] ::1 /edit/Public/css/images/logo.jpg
ERR: 无法加载模块:Public

[ 2016-05-16T20:17:55+08:00 ] ::1 /edit/Public/css/Admin/l10n.css
ERR: 无法加载模块:Public

[ 2016-05-16T20:17:55+08:00 ] ::1 /edit/Public/css/Admin/forms.css
ERR: 无法加载模块:Public

[ 2016-05-16T20:17:55+08:00 ] ::1 /edit/Public/css/images/logo.jpg
ERR: 无法加载模块:Public

[ 2016-05-16T20:18:01+08:00 ] ::1 /edit/Public/css/Admin/forms.css
ERR: 无法加载模块:Public

[ 2016-05-16T20:18:01+08:00 ] ::1 /edit/Public/css/Admin/l10n.css
ERR: 无法加载模块:Public

[ 2016-05-16T20:18:01+08:00 ] ::1 /edit/Public/css/images/logo.jpg
ERR: 无法加载模块:Public

[ 2016-05-16T20:19:24+08:00 ] ::1 /edit/Public/css/images/logo.jpg
ERR: 无法加载模块:Public

[ 2016-05-16T20:19:50+08:00 ] ::1 /edit/Public/css/Admin/forms.css
ERR: 无法加载模块:Public

[ 2016-05-16T20:19:50+08:00 ] ::1 /edit/Public/css/Admin/l10n.css
ERR: 无法加载模块:Public

[ 2016-05-16T20:19:50+08:00 ] ::1 /edit/Public/css/images/logo.jpg
ERR: 无法加载模块:Public

[ 2016-05-16T20:20:46+08:00 ] ::1 /edit/Public/css/Admin/l10n.css
ERR: 无法加载模块:Public

[ 2016-05-16T20:20:46+08:00 ] ::1 /edit/Public/css/Admin/forms.css
ERR: 无法加载模块:Public

[ 2016-05-16T20:20:46+08:00 ] ::1 /edit/Public/css/images/logo.jpg
ERR: 无法加载模块:Public

[ 2016-05-16T20:21:06+08:00 ] ::1 /edit/Public/css/Admin/l10n.css
ERR: 无法加载模块:Public

[ 2016-05-16T20:21:06+08:00 ] ::1 /edit/Public/css/Admin/forms.css
ERR: 无法加载模块:Public

[ 2016-05-16T20:21:06+08:00 ] ::1 /edit/Public/css/images/logo.jpg
ERR: 无法加载模块:Public

[ 2016-05-16T20:21:46+08:00 ] ::1 /edit/Public/css/images/logo.jpg
ERR: 无法加载模块:Public

[ 2016-05-16T20:22:19+08:00 ] ::1 /edit/Public/css/images/logo.jpg
ERR: 无法加载模块:Public

[ 2016-05-16T20:24:15+08:00 ] ::1 /edit/Public/css/Admin/__IMG__/Admin/logo.jpg
ERR: 无法加载模块:Public

