[ 2016-05-26T15:07:39+08:00 ] ::1 /edit/Public/js/Common/tendina.min.js?v=20150103
ERR: 无法加载模块:Public

[ 2016-05-26T15:07:40+08:00 ] ::1 /edit/tpl/admin/utilLib/fonts/font_awesome/fontawesome-webfontf77b.woff?v=3.2.1
ERR: 无法加载模块:Tpl

[ 2016-05-26T15:07:40+08:00 ] ::1 /edit/tpl/admin/utilLib/fonts/font_awesome/fontawesome-webfontf77b.ttf?v=3.2.1
ERR: 无法加载模块:Tpl

[ 2016-05-26T15:16:08+08:00 ] ::1 /edit/Public/js/Common/tendina.min.js?v=20150103
ERR: 无法加载模块:Public

[ 2016-05-26T15:16:08+08:00 ] ::1 /edit/tpl/admin/utilLib/fonts/font_awesome/fontawesome-webfontf77b.woff?v=3.2.1
ERR: 无法加载模块:Tpl

[ 2016-05-26T15:16:09+08:00 ] ::1 /edit/tpl/admin/utilLib/fonts/font_awesome/fontawesome-webfontf77b.ttf?v=3.2.1
ERR: 无法加载模块:Tpl

[ 2016-05-26T15:16:23+08:00 ] ::1 /edit/index.php/edit/index.php/Admin/Index/index.html.html
ERR: 无法加载模块:Edit

[ 2016-05-26T15:16:31+08:00 ] ::1 /edit/index.php/edit/index.php
ERR: 无法加载模块:Edit

[ 2016-05-26T15:17:06+08:00 ] ::1 /edit/index.php/edit/index.php/Admin/Index/index.html.html
ERR: 无法加载模块:Edit

[ 2016-05-26T15:17:36+08:00 ] ::1 /edit/Public/js/Common/tendina.min.js?v=20150103
ERR: 无法加载模块:Public

[ 2016-05-26T15:17:36+08:00 ] ::1 /edit/Public/js/Common/tendina.min.js?v=20150103
ERR: 无法加载模块:Public

[ 2016-05-26T15:17:36+08:00 ] ::1 /edit/tpl/admin/utilLib/fonts/font_awesome/fontawesome-webfontf77b.woff?v=3.2.1
ERR: 无法加载模块:Tpl

[ 2016-05-26T15:17:37+08:00 ] ::1 /edit/tpl/admin/utilLib/fonts/font_awesome/fontawesome-webfontf77b.ttf?v=3.2.1
ERR: 无法加载模块:Tpl

[ 2016-05-26T15:18:04+08:00 ] ::1 /edit/Public/js/Common/tendina.min.js?v=20150103
ERR: 无法加载模块:Public

[ 2016-05-26T15:18:04+08:00 ] ::1 /edit/Public/js/Common/tendina.min.js?v=20150103
ERR: 无法加载模块:Public

[ 2016-05-26T15:18:04+08:00 ] ::1 /edit/tpl/admin/utilLib/fonts/font_awesome/fontawesome-webfontf77b.woff?v=3.2.1
ERR: 无法加载模块:Tpl

[ 2016-05-26T15:18:04+08:00 ] ::1 /edit/tpl/admin/utilLib/fonts/font_awesome/fontawesome-webfontf77b.ttf?v=3.2.1
ERR: 无法加载模块:Tpl

