[ 2016-05-16T14:31:28+08:00 ] ::1 /edit/index.php/Admin/Index/login
INFO: [ app_begin ] --START--
INFO: Run Behavior\ReadHtmlCacheBehavior [ RunTime:0.001000s ]
INFO: [ app_begin ] --END-- [ RunTime:0.001000s ]
SQL: SHOW COLUMNS FROM `adminuser` [ RunTime:0.0760s ]
SQL: SELECT * FROM `adminuser` WHERE `username` = 'gokayuwu' LIMIT 1   [ RunTime:0.0160s ]
SQL: UPDATE `adminuser` SET `login_ip`='0.0.0.0',`login_counts`='62',`loginTime`='2016-05-16 14:31:28' WHERE `username` = 'gokayuwu' [ RunTime:0.0110s ]

[ 2016-05-16T14:31:30+08:00 ] ::1 /edit/index.php/Admin/Index/tpl/admin/main.html
ERR: 非法操作:tpl

[ 2016-05-16T17:06:26+08:00 ] ::1 /edit/Admin/login
ERR: 无法加载控制器:Login

[ 2016-05-16T17:07:32+08:00 ] ::1 /edit/Admin/login.html
ERR: 无法加载控制器:Login

[ 2016-05-16T17:07:39+08:00 ] ::1 /edit/Admin/tpl/admin/main.html
ERR: 无法加载控制器:Tpl

[ 2016-05-16T17:08:15+08:00 ] ::1 /edit/Admin/login
ERR: 无法加载控制器:Login

[ 2016-05-16T17:08:37+08:00 ] ::1 /edit/index.php/Admin/Index/css/base.css
ERR: 非法操作:css

[ 2016-05-16T17:08:37+08:00 ] ::1 /edit/index.php/Admin/Index/css/admin.css
ERR: 非法操作:css

[ 2016-05-16T17:23:04+08:00 ] ::1 /edit/Admin/Index/__CSS__base.css
ERR: 非法操作:__CSS__base.css

[ 2016-05-16T17:23:04+08:00 ] ::1 /edit/Admin/Index/__CSS__admin.css
ERR: 非法操作:__CSS__admin.css

[ 2016-05-16T17:23:56+08:00 ] ::1 /edit/Admin/Index/__CSS__%22admin.css%22
ERR: 非法操作:__CSS__"admin.css"

[ 2016-05-16T17:23:56+08:00 ] ::1 /edit/Admin/Index/__CSS__%22base.css%22
ERR: 非法操作:__CSS__"base.css"

[ 2016-05-16T17:26:12+08:00 ] ::1 /edit/Admin/Index/__CSS__
ERR: 非法操作:__CSS__

[ 2016-05-16T17:26:12+08:00 ] ::1 /edit/Admin/Index/__CSS__admin.css
ERR: 非法操作:__CSS__admin.css

[ 2016-05-16T17:26:30+08:00 ] ::1 /edit/Admin/Index/__CSS__
ERR: 非法操作:__CSS__

[ 2016-05-16T17:26:30+08:00 ] ::1 /edit/Admin/Index/__CSS__admin.css
ERR: 非法操作:__CSS__admin.css

[ 2016-05-16T17:30:48+08:00 ] ::1 /edit/Admin/Index/__CSS__admin.css
ERR: 非法操作:__CSS__admin.css

[ 2016-05-16T21:15:25+08:00 ] ::1 /edit/index.php/Admin/Index/css/base.css
ERR: 非法操作:css

[ 2016-05-16T21:15:25+08:00 ] ::1 /edit/index.php/Admin/Index/css/admin.css
ERR: 非法操作:css

[ 2016-05-16T22:39:34+08:00 ] ::1 /edit/index.php/Admin/Register/index
ERR: 无法加载控制器:Register

