[ 2016-05-18T16:45:33+08:00 ] ::1 /edit/Admin/Index/login
ERR: 模板不存在:./Application/Admin/View/Index/login.html

[ 2016-05-18T19:56:00+08:00 ] ::1 /edit/Admin/Login/index
ERR: 无法加载控制器:Login

[ 2016-05-18T20:10:54+08:00 ] ::1 /edit/index.php/Admin/Login/login.html
ERR: 无法加载控制器:Login

[ 2016-05-18T20:11:15+08:00 ] ::1 /edit/index.php/Admin/Login/login.html
ERR: 无法加载控制器:Login

[ 2016-05-18T20:11:29+08:00 ] ::1 /edit/index.php/Admin/Login/login.html
ERR: 无法加载控制器:Login

[ 2016-05-18T20:18:47+08:00 ] ::1 /edit/index.php/Admin/Login/login.html
ERR: 无法加载控制器:Login

[ 2016-05-18T20:18:58+08:00 ] ::1 /edit/index.php/Admin/Login/login.html
ERR: 无法加载控制器:Login

[ 2016-05-18T21:40:50+08:00 ] ::1 /edit/index.php/Admin/A/index
ERR: 无法加载控制器:A

[ 2016-05-18T21:41:40+08:00 ] ::1 /edit/index.php/Admin/A/index
ERR: 无法加载控制器:A

[ 2016-05-18T21:41:44+08:00 ] ::1 /edit/index.php/Admin/A/index
ERR: 无法加载控制器:A

[ 2016-05-18T21:42:47+08:00 ] ::1 /edit/index.php/Admin/Login/login.html
ERR: 无法加载控制器:Login

[ 2016-05-18T21:43:05+08:00 ] ::1 /edit/index.php/Admin/Login/login.html
ERR: 无法加载控制器:Login

[ 2016-05-18T21:46:23+08:00 ] ::1 /edit/index.php/Admin/Login/login.html
ERR: 无法加载控制器:Login

